<component name="libraryTable">
  <library name="junit:junit:4.13-SNAPSHOT" type="repository">
    <properties maven-id="junit:junit:4.13-SNAPSHOT" />
    <CLASSES>
      <root url="jar://$PROJECT_DIR$/test/lib/junit-4.13-SNAPSHOT.jar!/" />
      <root url="jar://$PROJECT_DIR$/test/lib/hamcrest-core-1.3.jar!/" />
    </CLASSES>
    <JAVADOC />
    <SOURCES />
  </library>
</component>